<?xml version="1.0" encoding="UTF-8"?>
<!-- Generated by org.testng.reporters.JUnitReportReporter -->
<testsuite skipped="0" hostname="Ahmed-Bilal" name="WebPractice.webpractice.practice.Google" tests="1" failures="0" timestamp="13 Oct 2022 07:04:09 GMT" time="35.976" errors="0">
  <testcase name="f" time="35.976" classname="WebPractice.webpractice.practice.Google"/>
</testsuite> <!-- WebPractice.webpractice.practice.Google -->
