<?xml version="1.0" encoding="UTF-8"?>
<!-- Generated by org.testng.reporters.JUnitReportReporter -->
<testsuite skipped="0" hostname="165-dell-AhmedB" name="nb.emailtrigger" tests="1" failures="0" timestamp="26 Dec 2019 13:54:23 GMT" time="3.125" errors="0">
  <testcase name="trigger" time="3.125" classname="nb.emailtrigger"/>
</testsuite> <!-- nb.emailtrigger -->
