<?xml version="1.0" encoding="UTF-8"?>
<!-- Generated by org.testng.reporters.JUnitReportReporter -->
<testsuite skipped="0" hostname="165-dell-AhmedB" name="nb.SendMail" tests="1" failures="0" timestamp="20 Dec 2019 10:02:06 GMT" time="8.271" errors="0">
  <testcase name="execute" time="8.271" classname="nb.SendMail"/>
</testsuite> <!-- nb.SendMail -->
