<?xml version="1.0" encoding="UTF-8"?>
<!-- Generated by org.testng.reporters.JUnitReportReporter -->
<testsuite skipped="0" hostname="165-dell-AhmedB" name="nb.test" tests="1" failures="0" timestamp="12 Sep 2019 13:12:16 GMT" time="28.361" errors="0">
  <testcase name="AcceptQuote" time="28.361" classname="nb.test"/>
</testsuite> <!-- nb.test -->
