<?xml version="1.0" encoding="UTF-8"?>
<!-- Generated by org.testng.reporters.JUnitReportReporter -->
<testsuite skipped="0" hostname="Ahmed-Bilal" name="BitBabyGUIAutomation.BitBabyGUIAutomation.bbuitests" tests="1" failures="0" timestamp="16 May 2023 12:05:21 GMT" time="0.004" errors="0">
  <testcase name="LoginScreen" time="0.004" classname="BitBabyGUIAutomation.BitBabyGUIAutomation.bbuitests"/>
</testsuite> <!-- BitBabyGUIAutomation.BitBabyGUIAutomation.bbuitests -->
