<?xml version="1.0" encoding="UTF-8"?>
<!-- Generated by org.testng.reporters.JUnitReportReporter -->
<testsuite skipped="0" hostname="Ahmed-Bilal" name="BitBabyGUIAutomation.BitBabyGUIAutomation.bbuitests" tests="1" failures="0" timestamp="18 May 2023 13:31:49 GMT" time="25.933" errors="0">
  <testcase name="LoginScreen" time="25.933" classname="BitBabyGUIAutomation.BitBabyGUIAutomation.bbuitests"/>
</testsuite> <!-- BitBabyGUIAutomation.BitBabyGUIAutomation.bbuitests -->
