<?xml version="1.0" encoding="UTF-8"?>
<!-- Generated by org.testng.reporters.JUnitReportReporter -->
<testsuite skipped="0" hostname="Ahmed-Bilal" name="BitBabyGUIAutomation.BitBabyGUIAutomation.bbuitests" tests="1" failures="0" timestamp="23 May 2023 06:29:27 GMT" time="34.222" errors="0">
  <testcase name="LoginScreen" time="34.222" classname="BitBabyGUIAutomation.BitBabyGUIAutomation.bbuitests"/>
</testsuite> <!-- BitBabyGUIAutomation.BitBabyGUIAutomation.bbuitests -->
